  physics.cpp
d:\mecanicapractica\glframework\code\src\physics.cpp(221): warning C4838: la conversión de 'T' en 'int' requiere una conversión de restricción
          with
          [
              T=float
          ]
d:\mecanicapractica\glframework\code\src\physics.cpp(221): warning C4244: 'inicializando': conversión de 'T' a 'int'; posible pérdida de datos
          with
          [
              T=float
          ]
d:\mecanicapractica\glframework\code\src\physics.cpp(222): warning C4838: la conversión de 'T' en 'int' requiere una conversión de restricción
          with
          [
              T=float
          ]
d:\mecanicapractica\glframework\code\src\physics.cpp(222): warning C4244: 'inicializando': conversión de 'T' a 'int'; posible pérdida de datos
          with
          [
              T=float
          ]
d:\mecanicapractica\glframework\code\src\physics.cpp(226): warning C4244: 'argumento': conversión de 'int' a 'float'; posible pérdida de datos
d:\mecanicapractica\glframework\code\src\physics.cpp(227): warning C4244: 'argumento': conversión de 'int' a 'float'; posible pérdida de datos
d:\mecanicapractica\glframework\code\src\physics.cpp(228): warning C4244: 'argumento': conversión de 'int' a 'float'; posible pérdida de datos
d:\mecanicapractica\glframework\code\src\physics.cpp(280): warning C4244: 'inicializando': conversión de 'double' a 'float'; posible pérdida de datos
d:\mecanicapractica\glframework\code\src\physics.cpp(624): warning C4244: 'argumento': conversión de 'time_t' a 'unsigned int'; posible pérdida de datos
d:\mecanicapractica\glframework\code\src\physics.cpp(164): warning C4715: 'binaryS': no todas las rutas de acceso de control devuelven un valor
  GL_framework.vcxproj -> D:\MecanicaPractica\glframework\x64\Debug\GL_framework.exe
  0 archivo(s) copiado(s)
  0 archivo(s) copiado(s)
